<?xml version="1.0" encoding="UTF-8" ?>
<testsuite tests="6" failures="6" name="PrvniUnitTest" time="0.056" errors="0" skipped="0">
  <properties>
[...]
</properties>
  <testcase classname="PrvniUnitTest" name="PrvniUnitTest.testSoucetViceTestuTest" time="0.002">
    <failure message="Cannot invoke &quot;com.engeto.Main.soucet(java.lang.Integer, java.lang.Integer)&quot; because &quot;PrvniUnitTest.main&quot; is null" type="java.lang.NullPointerException">java.lang.NullPointerException: Cannot invoke &quot;com.engeto.Main.soucet(java.lang.Integer, java.lang.Integer)&quot; because &quot;PrvniUnitTest.main&quot; is null
	at PrvniUnitTest.testSoucetViceTestuTest(PrvniUnitTest.java:45)
</failure>
  </testcase>
  <testcase classname="PrvniUnitTest" name="PrvniUnitTest.testNacteniZeSouboruTest" time="0.03">
    <failure message="expected: &lt;Chyba&gt; but was: &lt;Cannot invoke &quot;com.engeto.Main.nacteniZeSouboru()&quot; because &quot;PrvniUnitTest.main&quot; is null&gt;" type="org.opentest4j.AssertionFailedError">org.opentest4j.AssertionFailedError: expected: &lt;Chyba&gt; but was: &lt;Cannot invoke &quot;com.engeto.Main.nacteniZeSouboru()&quot; because &quot;PrvniUnitTest.main&quot; is null&gt;
	at org.junit.jupiter.api.AssertionUtils.fail(AssertionUtils.java:55)
	at org.junit.jupiter.api.AssertionUtils.failNotEqual(AssertionUtils.java:62)
	at org.junit.jupiter.api.AssertEquals.assertEquals(AssertEquals.java:182)
	at org.junit.jupiter.api.AssertEquals.assertEquals(AssertEquals.java:177)
	at org.junit.jupiter.api.Assertions.assertEquals(Assertions.java:1124)
	at PrvniUnitTest.testNacteniZeSouboruTest(PrvniUnitTest.java:70)
</failure>
  </testcase>
  <testcase classname="PrvniUnitTest" name="PrvniUnitTest.testSoucetViceTestuVsechnyTest" time="0.022">
    <failure message="soucet (6 failures)
	java.lang.NullPointerException: Cannot invoke &quot;com.engeto.Main.soucet(java.lang.Integer, java.lang.Integer)&quot; because &quot;PrvniUnitTest.main&quot; is null
	java.lang.NullPointerException: Cannot invoke &quot;com.engeto.Main.soucet(java.lang.Integer, java.lang.Integer)&quot; because &quot;PrvniUnitTest.main&quot; is null
	java.lang.NullPointerException: Cannot invoke &quot;com.engeto.Main.soucet(java.lang.Integer, java.lang.Integer)&quot; because &quot;PrvniUnitTest.main&quot; is null
	java.lang.NullPointerException: Cannot invoke &quot;com.engeto.Main.soucet(java.lang.Integer, java.lang.Integer)&quot; because &quot;PrvniUnitTest.main&quot; is null
	java.lang.NullPointerException: Cannot invoke &quot;com.engeto.Main.soucet(java.lang.Integer, java.lang.Integer)&quot; because &quot;PrvniUnitTest.main&quot; is null
	java.lang.NullPointerException: Cannot invoke &quot;com.engeto.Main.soucet(java.lang.Integer, java.lang.Integer)&quot; because &quot;PrvniUnitTest.main&quot; is null" type="org.opentest4j.MultipleFailuresError">org.opentest4j.MultipleFailuresError: soucet (6 failures)
	java.lang.NullPointerException: Cannot invoke &quot;com.engeto.Main.soucet(java.lang.Integer, java.lang.Integer)&quot; because &quot;PrvniUnitTest.main&quot; is null
	java.lang.NullPointerException: Cannot invoke &quot;com.engeto.Main.soucet(java.lang.Integer, java.lang.Integer)&quot; because &quot;PrvniUnitTest.main&quot; is null
	java.lang.NullPointerException: Cannot invoke &quot;com.engeto.Main.soucet(java.lang.Integer, java.lang.Integer)&quot; because &quot;PrvniUnitTest.main&quot; is null
	java.lang.NullPointerException: Cannot invoke &quot;com.engeto.Main.soucet(java.lang.Integer, java.lang.Integer)&quot; because &quot;PrvniUnitTest.main&quot; is null
	java.lang.NullPointerException: Cannot invoke &quot;com.engeto.Main.soucet(java.lang.Integer, java.lang.Integer)&quot; because &quot;PrvniUnitTest.main&quot; is null
	java.lang.NullPointerException: Cannot invoke &quot;com.engeto.Main.soucet(java.lang.Integer, java.lang.Integer)&quot; because &quot;PrvniUnitTest.main&quot; is null
	at org.junit.jupiter.api.AssertAll.assertAll(AssertAll.java:80)
	at org.junit.jupiter.api.AssertAll.assertAll(AssertAll.java:44)
	at org.junit.jupiter.api.Assertions.assertAll(Assertions.java:2911)
	at PrvniUnitTest.testSoucetViceTestuVsechnyTest(PrvniUnitTest.java:55)
</failure>
  </testcase>
  <testcase classname="PrvniUnitTest" name="PrvniUnitTest.testSoucetSpatneTest" time="0">
    <failure message="Cannot invoke &quot;com.engeto.Main.soucetPlusJedna(java.lang.Integer, java.lang.Integer)&quot; because &quot;PrvniUnitTest.main&quot; is null" type="java.lang.NullPointerException">java.lang.NullPointerException: Cannot invoke &quot;com.engeto.Main.soucetPlusJedna(java.lang.Integer, java.lang.Integer)&quot; because &quot;PrvniUnitTest.main&quot; is null
	at PrvniUnitTest.testSoucetSpatneTest(PrvniUnitTest.java:33)
</failure>
  </testcase>
  <testcase classname="PrvniUnitTest" name="PrvniUnitTest.testSoucetSpatne2Test" time="0.001">
    <failure message="Cannot invoke &quot;com.engeto.Main.soucetPlusJedna(java.lang.Integer, java.lang.Integer)&quot; because &quot;PrvniUnitTest.main&quot; is null" type="java.lang.NullPointerException">java.lang.NullPointerException: Cannot invoke &quot;com.engeto.Main.soucetPlusJedna(java.lang.Integer, java.lang.Integer)&quot; because &quot;PrvniUnitTest.main&quot; is null
	at PrvniUnitTest.testSoucetSpatne2Test(PrvniUnitTest.java:39)
</failure>
  </testcase>
  <testcase classname="PrvniUnitTest" name="PrvniUnitTest.testSoucetTest" time="0.001">
    <failure message="Cannot invoke &quot;com.engeto.Main.soucet(java.lang.Integer, java.lang.Integer)&quot; because &quot;PrvniUnitTest.main&quot; is null" type="java.lang.NullPointerException">java.lang.NullPointerException: Cannot invoke &quot;com.engeto.Main.soucet(java.lang.Integer, java.lang.Integer)&quot; because &quot;PrvniUnitTest.main&quot; is null
	at PrvniUnitTest.testSoucetTest(PrvniUnitTest.java:27)
</failure>
  </testcase>
</testsuite>